iMPACT Version: 14.7

iMPACT log file Started on Wed Nov 26 08:48:17 2014

Welcome to iMPACT
iMPACT Version: 14.7
// *** BATCH CMD : loadProjectFile -file"Z:\Documents\PhD\Code\GLIB\amc_glib\trunk\glib_v3\fw\fpga\prj\glib_fw\impact.ipf"
Enumerating cables. Please wait.
Connecting to cable (Usb Port - USB21).
Checking cable driver.
 Driver file xusbdfwu.sys found.
 Driver version: src=1027, dest=1027.
 Driver windrvr6.sys version = 10.2.1.0. WinDriver v10.21 Jungo (c) 1997 - 2010 Build Date: Aug 31 2010 x86_64 64bit SYS14:14:44, version = 1021.
'1': Loading file '\\psf\home\Documents\PhD\Code\OptoHybrid\optohybrid_top.bit'...
done.
INFO:iMPACT:1777 - 
   Reading C:/Xilinx/14.7/ISE_DS/ISE/spartan6/data/xc6slx150t.bsd...
INFO:iMPACT:2257 - Startup Clock has been changed to 'JtagClk' in the bitstream   stored in memory,
   but the original bitstream file remains unchanged.
UserID read from the bitstream file = 0xFFFFFFFF.
Data width read from the bitstream file = 1.
INFO:iMPACT:501 - '1': Added Device xc6slx150t successfully.
----------------------------------------------------------------------
'1': Loading file '\\psf\home\Documents\PhD\Code\OptoHybrid\optohybrid_top.bit'...
INFO:iMPACT - Elapsed time =      1 sec.
done.
INFO:iMPACT:501 - '1': Added Device xc6slx150t successfully.
----------------------------------------------------------------------
'1': Added Device 8M successfully.
----------------------------------------------------------------------
Active mode is PFF
// *** BATCH CMD : setMode -bs
// *** BATCH CMD : setMode -ss
// *** BATCH CMD : setMode -sm
// *** BATCH CMD : setMode -hw140
// *** BATCH CMD : setMode -spi
// *** BATCH CMD : setMode -acecf
// *** BATCH CMD : setMode -acempm
// *** BATCH CMD : setMode -pff
// *** BATCH CMD : setMode -bs
// *** BATCH CMD : setMode -pff
// *** BATCH CMD : setCurrentDesign -version 0
// *** BATCH CMD : setMode -pff
// *** BATCH CMD : setCurrentDeviceChain -index 0
// *** BATCH CMD : setSubmode -pffspi
// *** BATCH CMD : setMode -pff
------------------------  GUI: Wizard Data Report  ---------------------------
      Compression : false
      Fill Value : FF
      Output Format : mcs
      Swap Bits : false
      LoadDirection : UP
      PROM Basename : SPIFlash
      File Location : Z:\Documents\PhD\Code\OptoHybrid/
      Auto Select : false
      Number of Revisions : 1
      Number of PROMs : 1
      PROM Name : 8M   PROM Size : 8388608 bits
        ------ Revision: 0 '0', 1 device(s) chain -----
        Device 0, pn=xc6slx150t   fn=optohybrid_top.bit
-------------------------- END of Report ----------------------------
// *** BATCH CMD : setMode -pff
Project:'Z:\Documents\PhD\Code\GLIB\amc_glib\trunk\glib_v3\fw\fpga\prj\glib_fw\impact.ipf' loaded.
// *** BATCH CMD : setMode -bs
// *** BATCH CMD : setMode -pff
// *** BATCH CMD : setMode -bs
// *** BATCH CMD : deletePromDevice -position 1
// *** BATCH CMD : setCurrentDesign -version 0
INFO:iMPACT:2676 - base class function getCurrentDesign is called.
INFO:iMPACT:2674 - Design does not exist, can't get current device chain index.
// *** BATCH CMD : deleteDevice -position 1
INFO:iMPACT:2676 - base class function getCurrentDesign is called.
INFO:iMPACT:2674 - Design does not exist, can't get current device chain index.
// *** BATCH CMD : deleteDesign -version 0
// *** BATCH CMD : setCurrentDesign -version -1
// *** BATCH CMD : setMode -pff
// *** BATCH CMD : addConfigDevice  -name "GLIB" -path "C:\Users\tlenzi\Desktop"
// *** BATCH CMD : setSubmode -pffserial
// *** BATCH CMD : setAttribute -configdevice -attr multibootBpiType -value ""
// *** BATCH CMD : addDesign -version 0 -name "0"
// *** BATCH CMD : setMode -pff
// *** BATCH CMD : addDeviceChain -index 0
// *** BATCH CMD : setMode -pff
// *** BATCH CMD : addDeviceChain -index 0
Override chain at index 0.
Overriding chain at index 0.
// *** BATCH CMD : setAttribute -configdevice -attr compressed -value "FALSE"
// *** BATCH CMD : setAttribute -configdevice -attr autoSize -value "FALSE"
// *** BATCH CMD : setAttribute -configdevice -attr fileFormat -value "mcs"
// *** BATCH CMD : setAttribute -configdevice -attr fillValue -value "FF"
// *** BATCH CMD : setAttribute -configdevice -attr swapBit -value "FALSE"
// *** BATCH CMD : setAttribute -configdevice -attr dir -value "UP"
// *** BATCH CMD : setAttribute -configdevice -attr flashDataWidth -value "16"
// *** BATCH CMD : setAttribute -configdevice -attr flashTopology -value "8"
// *** BATCH CMD : setAttribute -configdevice -attr multiboot -value "FALSE"
// *** BATCH CMD : setAttribute -configdevice -attr spiSelected -value "FALSE"
// *** BATCH CMD : addPromDevice -p 1 -size 0 -name xcf128x
'1': Added Device xcf128x successfully.
----------------------------------------------------------------------
// *** BATCH CMD : setMode -bs
// *** BATCH CMD : setMode -pff
// *** BATCH CMD : addDeviceChain -index 0
Override chain at index 0.
Overriding chain at index 0.
// *** BATCH CMD : setMode -pff
// *** BATCH CMD : addDeviceChain -index 0
Override chain at index 0.
Overriding chain at index 0.
// *** BATCH CMD : setMode -pff
// *** BATCH CMD : setSubmode -pffbpi
// *** BATCH CMD : setSubmode -pffserial
// *** BATCH CMD : setMode -pff
------------------------  GUI: Wizard Data Report  ---------------------------
      Compression : false
      Fill Value : FF
      Output Format : mcs
      Swap Bits : false
      LoadDirection : UP
      PROM Basename : GLIB
      File Location : C:\Users\tlenzi\Desktop/
      Auto Selcet : false
      Number of Revisions : 1
      Number of PROMs : 1
      PROM Name : xcf128x,   PROM Size : 16777216 Bytes
-------------------------- END of Report ----------------------------
// *** BATCH CMD : setAttribute -design -attr RSPin -value "00"
// *** BATCH CMD : addDevice -p 1 -file"Z:/Documents/PhD/Code/GLIB/amc_glib/trunk/glib_v3/fw/fpga/prj/glib_fw/glib_top.bit"
'1': Loading file'Z:/Documents/PhD/Code/GLIB/amc_glib/trunk/glib_v3/fw/fpga/prj/glib_fw/glib_top.bit' ...
INFO:iMPACT - Elapsed time =      1 sec.
done.
INFO:iMPACT:501 - '1': Added Device xc6vlx130t successfully.
----------------------------------------------------------------------
file :Z:/Documents/PhD/Code/GLIB/amc_glib/trunk/glib_v3/fw/fpga/prj/glib_fw/glib_top.bit  used size : 22087008
Add one device.// *** BATCH CMD : setAttribute -design -attr RSPinMsb -value ""
// *** BATCH CMD : setAttribute -design -attr name -value "0"
// *** BATCH CMD : setAttribute -design -attr RSPin -value "00"
// *** BATCH CMD : setAttribute -design -attr endAddress -value "2a20ab"
INFO:iMPACT - Current time: 26/11/2014 08:50:11
// *** BATCH CMD : setMode -pff
// *** BATCH CMD : setSubmode -pffbpi
// *** BATCH CMD : setAttribute -configdevice -attr multibootBpiType -value"TYPE_MB_BPI"
// *** BATCH CMD : setAttribute -configdevice -attr multibootBpichainType -value"PARALLEL"
// *** BATCH CMD : setSubmode -pffserial
Total configuration bit size = 22087008  bits.
// *** BATCH CMD : generate
Total configuration byte size = 2760876 bytes.
INFO:Bitstream:181 - The start address provided has been multiplied by a factor   of 2 due to the use of the x16 data width
0x2a20ac (2760876) bytes loaded up from 0x0
Using user-specified prom size of 16384K
Writing file "C:\Users\tlenzi\Desktop\GLIB.mcs".
Writing file "C:\Users\tlenzi\Desktop\GLIB.prm".
Writing file "C:\Users\tlenzi\Desktop\GLIB.cfi".
// *** BATCH CMD : setCurrentDesign -version 0
// *** BATCH CMD : setMode -bs
// *** BATCH CMD : setMode -pff
// *** BATCH CMD : setSubmode -pffbpi
// *** BATCH CMD : setSubmode -pffserial
// *** BATCH CMD : setMode -pff
INFO:iMPACT - Launching WebTalk, please refer to the webtalk log at   Z:\Documents\PhD\Code\GLIB\amc_glib\trunk\glib_v3\fw\fpga\prj\glib_fw/webtalk   .log for details.
INFO:iMPACT - Running wbtc successfully.
// *** BATCH CMD : setMode -bs
// *** BATCH CMD : deleteDevice -position 1
// *** BATCH CMD : setMode -bs
// *** BATCH CMD : setMode -ss
// *** BATCH CMD : setMode -sm
// *** BATCH CMD : setMode -hw140
// *** BATCH CMD : setMode -spi
// *** BATCH CMD : setMode -acecf
// *** BATCH CMD : setMode -acempm
// *** BATCH CMD : setMode -pff
