INFO:sim:172 - Generating IP...
Applying current project options...
Finished applying current project options.
WARNING:sim - A core named 'gtx_pll' already exists in the project. Output
   products for this core may be overwritten.
Resolving generics for 'gtx_pll'...
WARNING:sim - A core named 'gtx_pll' already exists in the project. Output
   products for this core may be overwritten.
Applying external generics to 'gtx_pll'...
Delivering associated files for 'gtx_pll'...
WARNING:sim - Component clk_wiz_v3_6 does not have a valid model name for VHDL
   synthesis
Delivering EJava files for 'gtx_pll'...
Delivered 3 files into directory
C:/Users/tlenzi/Desktop/GLIB/amc_glib/trunk/glib_v3/fw/fpga/prj/ipbus_slave/ipco
re_dir/tmp/_cg/gtx_pll
Delivered 1 file into directory
C:/Users/tlenzi/Desktop/GLIB/amc_glib/trunk/glib_v3/fw/fpga/prj/ipbus_slave/ipco
re_dir/tmp/_cg/gtx_pll
Generating ASY schematic symbol...
Loading device for application Rf_Device from file '6vlx130t.nph' in environment
C:\Xilinx\14.6\ISE_DS\ISE\.
INFO:sim:949 - Finished generation of ASY schematic symbol.
Generating SYM schematic symbol for 'gtx_pll'...
Generating ISE project...
XCO file found: gtx_pll.xco
XMDF file found: gtx_pll_xmdf.tcl
Adding
C:/Users/tlenzi/Desktop/GLIB/amc_glib/trunk/glib_v3/fw/fpga/prj/ipbus_slave/ipco
re_dir/tmp/_cg/gtx_pll.asy -view all -origin_type imported
Adding
C:/Users/tlenzi/Desktop/GLIB/amc_glib/trunk/glib_v3/fw/fpga/prj/ipbus_slave/ipco
re_dir/tmp/_cg/gtx_pll.ucf -view all -origin_type created
Adding
C:/Users/tlenzi/Desktop/GLIB/amc_glib/trunk/glib_v3/fw/fpga/prj/ipbus_slave/ipco
re_dir/tmp/_cg/gtx_pll.vhd -view all -origin_type created
INFO:HDLCompiler:1061 - Parsing VHDL file
   "C:/Users/tlenzi/Desktop/GLIB/amc_glib/trunk/glib_v3/fw/fpga/prj/ipbus_slave/
   ipcore_dir/tmp/_cg/gtx_pll.vhd" into library work
INFO:ProjectMgmt - Parsing design hierarchy completed successfully.
Adding
C:/Users/tlenzi/Desktop/GLIB/amc_glib/trunk/glib_v3/fw/fpga/prj/ipbus_slave/ipco
re_dir/tmp/_cg/gtx_pll.vho -view all -origin_type imported
INFO:TclTasksC:2116 - The automatic calculation of top has been turned-off.
   Please set the new top explicitly by running the "project set top" command.
   To re-calculate the new top automatically, set the "Auto Implementation Top"
   property to true.
Top level has been set to "/gtx_pll"
Generating README file...
Generating FLIST file...
INFO:sim:948 - Finished FLIST file generation.
Launching README viewer...
Moving files to output directory...
Finished moving files to output directory
Wrote CGP file for project 'gtx_pll'.
